<?xml version="1.0" encoding="UTF-8"?>
<!-- Generated by org.testng.reporters.JUnitXMLReporter -->
<testsuite ignored="0" hostname="DESKTOP-MCS3M3G" failures="1" tests="3" name="Application Test" time="0.08" errors="0" timestamp="2023-01-07T16:30:00 IST">
  <testcase classname="testClasses.TestNG_ReprortsAndLogs" name="testMethod2" time="0.01">
    <failure type="java.lang.AssertionError" message="expected [true] but found [false]">
      <![CDATA[java.lang.AssertionError: expected [true] but found [false]
at testClasses.TestNG_ReprortsAndLogs.testMethod2(TestNG_ReprortsAndLogs.java:51)
at java.base/java.util.ArrayList.forEach(ArrayList.java:1511)
... Removed 31 stack frames]]>
    </failure>
  </testcase> <!-- testMethod2 -->
  <testcase classname="testClasses.TestNG_ReprortsAndLogs" name="testMethod1" time="0.002"/>
  <testcase classname="testClasses.TestNG_ReprortsAndLogs" name="testMethod3" time="0.0">
    <skipped/>
  </testcase> <!-- testMethod3 -->
</testsuite> <!-- Application Test -->
