<?xml version="1.0" encoding="UTF-8"?>
<testng-results ignored="0" total="5" passed="5" failed="0" skipped="0">
  <reporter-output>
  </reporter-output>
  <suite started-at="2022-09-08T22:10:15 IST" name="Default suite" finished-at="2022-09-08T22:10:15 IST" duration-ms="97">
    <groups>
      <group name="smoke">
        <method signature="TestCase_04.mobileLoginHomeLoan()[pri:0, instance:Test.TestCase_04@10163d6]" name="mobileLoginHomeLoan" class="Test.TestCase_04"/>
      </group> <!-- smoke -->
    </groups>
    <test started-at="2022-09-08T22:10:15 IST" name="Default test" finished-at="2022-09-08T22:10:15 IST" duration-ms="97">
      <class name="Test.TestCase_04">
        <test-method signature="loginApiHomeLoan(java.lang.String,java.lang.String)[pri:0, instance:Test.TestCase_04@10163d6]" started-at="2022-09-08T22:10:15 IST" name="loginApiHomeLoan" data-provider="getData" finished-at="2022-09-08T22:10:15 IST" duration-ms="9" status="PASS">
          <params>
            <param index="0">
              <value>
                <![CDATA[lalitasaini]]>
              </value>
            </param>
            <param index="1">
              <value>
                <![CDATA[password]]>
              </value>
            </param>
          </params>
          <reporter-output>
          </reporter-output>
        </test-method> <!-- loginApiHomeLoan -->
        <test-method signature="loginApiHomeLoan(java.lang.String,java.lang.String)[pri:0, instance:Test.TestCase_04@10163d6]" started-at="2022-09-08T22:10:15 IST" name="loginApiHomeLoan" data-provider="getData" finished-at="2022-09-08T22:10:15 IST" duration-ms="2" status="PASS">
          <params>
            <param index="0">
              <value>
                <![CDATA[@dainy]]>
              </value>
            </param>
            <param index="1">
              <value>
                <![CDATA[password]]>
              </value>
            </param>
          </params>
          <reporter-output>
          </reporter-output>
        </test-method> <!-- loginApiHomeLoan -->
        <test-method signature="loginApiHomeLoan(java.lang.String,java.lang.String)[pri:0, instance:Test.TestCase_04@10163d6]" started-at="2022-09-08T22:10:15 IST" name="loginApiHomeLoan" data-provider="getData" finished-at="2022-09-08T22:10:15 IST" duration-ms="2" status="PASS">
          <params>
            <param index="0">
              <value>
                <![CDATA[123]]>
              </value>
            </param>
            <param index="1">
              <value>
                <![CDATA[pass]]>
              </value>
            </param>
          </params>
          <reporter-output>
          </reporter-output>
        </test-method> <!-- loginApiHomeLoan -->
        <test-method signature="mobileLoginHomeLoan()[pri:0, instance:Test.TestCase_04@10163d6]" started-at="2022-09-08T22:10:15 IST" name="mobileLoginHomeLoan" finished-at="2022-09-08T22:10:15 IST" duration-ms="1" status="PASS">
          <reporter-output>
          </reporter-output>
        </test-method> <!-- mobileLoginHomeLoan -->
        <test-method signature="webLoginHomeLoan()[pri:0, instance:Test.TestCase_04@10163d6]" started-at="2022-09-08T22:10:15 IST" name="webLoginHomeLoan" finished-at="2022-09-08T22:10:15 IST" duration-ms="3" status="PASS">
          <reporter-output>
          </reporter-output>
        </test-method> <!-- webLoginHomeLoan -->
        <test-method is-config="true" signature="afterdelete()[pri:0, instance:Test.TestCase_04@10163d6]" started-at="2022-09-08T22:10:15 IST" name="afterdelete" finished-at="2022-09-08T22:10:15 IST" duration-ms="2" status="PASS">
          <reporter-output>
          </reporter-output>
        </test-method> <!-- afterdelete -->
        <test-method is-config="true" signature="aftersuite()[pri:0, instance:Test.TestCase_04@10163d6]" started-at="2022-09-08T22:10:16 IST" name="aftersuite" finished-at="2022-09-08T22:10:16 IST" duration-ms="0" status="PASS">
          <reporter-output>
          </reporter-output>
        </test-method> <!-- aftersuite -->
      </class> <!-- Test.TestCase_04 -->
    </test> <!-- Default test -->
  </suite> <!-- Default suite -->
</testng-results>
