<?xml version="1.0" encoding="UTF-8"?>
<!-- Generated by org.testng.reporters.JUnitXMLReporter -->
<testsuite ignored="0" hostname="DESKTOP-MCS3M3G" failures="0" tests="4" name="Application Test" time="0.075" errors="0" timestamp="2023-01-05T12:19:18 IST">
  <testcase classname="testClasses.TestNG_TestClass2" name="testMethod1" time="0.006"/>
  <testcase classname="testClasses.TestNG_TestClass2" name="testMethod2" time="0.002"/>
  <testcase classname="testClasses.TestNG_TestClass1" name="testMethod1" time="0.001"/>
  <testcase classname="testClasses.TestNG_TestClass1" name="testMethod2" time="0.001"/>
</testsuite> <!-- Application Test -->
