<?xml version="1.0" encoding="UTF-8"?>
<!-- Generated by org.testng.reporters.JUnitXMLReporter -->
<testsuite ignored="1" hostname="DESKTOP-MCS3M3G" failures="0" tests="2" name="GroupsDemo" time="0.078" errors="0" timestamp="2023-01-05T20:46:06 IST">
  <testcase classname="testClasses.TestNG_Group" name="testBMW" time="0.006"/>
  <testcase classname="testClasses.TestNG_Group" name="testNinja" time="0.002"/>
  <testcase classname="testClasses.TestNG_Group" name="testAudi" time="0.0">
    <ignored/>
  </testcase> <!-- testAudi -->
</testsuite> <!-- GroupsDemo -->
