<?xml version="1.0" encoding="UTF-8"?>
<!-- Generated by org.testng.reporters.JUnitXMLReporter -->
<testsuite ignored="0" hostname="DESKTOP-MCS3M3G" failures="1" tests="3" name="LoginGuru99Bank" time="16.296" errors="0" timestamp="2022-12-06T14:49:42 IST">
  <testcase classname="login.TC_001" name="login" time="14.711">
    <failure type="java.lang.AssertionError" message="The following asserts failed:
	Password is not coreect">
      <![CDATA[java.lang.AssertionError: The following asserts failed:
Password is not coreect
at keywords.GenericKeywords.assertAll(GenericKeywords.java:171)
at login.TC_001.login(TC_001.java:36)
at java.base/java.util.ArrayList.forEach(ArrayList.java:1511)
... Removed 29 stack frames]]>
    </failure>
  </testcase> <!-- login -->
  <testcase classname="login.TC_001" name="matchTitle" time="0.245"/>
  <testcase classname="login.TC_001" name="matchUrl" time="0.013"/>
</testsuite> <!-- LoginGuru99Bank -->
