<?xml version="1.0" encoding="UTF-8"?>
<testng-results ignored="0" total="2" passed="2" failed="0" skipped="0">
  <reporter-output>
  </reporter-output>
  <suite started-at="2022-09-06T11:25:15Z" name="Default suite" finished-at="2022-09-06T11:25:16Z" duration-ms="90">
    <groups>
    </groups>
    <test started-at="2022-09-06T11:25:15Z" name="Default test" finished-at="2022-09-06T11:25:16Z" duration-ms="90">
      <class name="rahulshettyproject.TestNG">
        <test-method signature="demo1()[pri:0, instance:rahulshettyproject.TestNG@5a3bc7ed]" started-at="2022-09-06T11:25:16Z" name="demo1" finished-at="2022-09-06T11:25:16Z" duration-ms="22" status="PASS">
          <reporter-output>
          </reporter-output>
        </test-method> <!-- demo1 -->
        <test-method signature="demo2()[pri:0, instance:rahulshettyproject.TestNG@5a3bc7ed]" started-at="2022-09-06T11:25:16Z" name="demo2" finished-at="2022-09-06T11:25:16Z" duration-ms="9" status="PASS">
          <reporter-output>
          </reporter-output>
        </test-method> <!-- demo2 -->
      </class> <!-- rahulshettyproject.TestNG -->
    </test> <!-- Default test -->
  </suite> <!-- Default suite -->
</testng-results>
