<?xml version="1.0" encoding="UTF-8"?>
<!-- Generated by org.testng.reporters.JUnitXMLReporter -->
<testsuite ignored="3" hostname="DESKTOP-MCS3M3G" failures="0" tests="2" name="Car Lone" time="0.013" errors="0" timestamp="2022-09-08T21:57:28 IST">
  <testcase classname="Test.TestCase_03" name="webLoginCarLoan" time="0.001"/>
  <testcase classname="Test.TestCase_03" name="loginApiCarLoan" time="0.002"/>
  <testcase classname="Test.TestCase_03" name="mobileLoginCarLoan" time="0.0">
    <ignored/>
  </testcase> <!-- mobileLoginCarLoan -->
  <testcase classname="Test.TestCase_03" name="mobilesighoutCarLoan" time="0.0">
    <ignored/>
  </testcase> <!-- mobilesighoutCarLoan -->
  <testcase classname="Test.TestCase_03" name="mobilesighinCarLoan" time="0.0">
    <ignored/>
  </testcase> <!-- mobilesighinCarLoan -->
</testsuite> <!-- Car Lone -->
