<?xml version="1.0" encoding="UTF-8"?>
<!-- Generated by org.testng.reporters.JUnitXMLReporter -->
<testsuite ignored="2" hostname="DESKTOP-MCS3M3G" failures="0" tests="4" name="Personal Lone" time="0.069" errors="0" timestamp="2022-09-08T21:57:28 IST">
  <testcase classname="Test.TestCase_01" name="demo" time="0.006"/>
  <testcase classname="Test.TestCase_01" name="demo1" time="0.003"/>
  <testcase classname="Test.TestCase_02" name="test" time="0.003"/>
  <testcase classname="Test.TestCase_04" name="loginApiHomeLoan" time="0.002"/>
  <testcase classname="Test.TestCase_04" name="mobileLoginHomeLoan" time="0.0">
    <ignored/>
  </testcase> <!-- mobileLoginHomeLoan -->
  <testcase classname="Test.TestCase_04" name="webLoginHomeLoan" time="0.0">
    <ignored/>
  </testcase> <!-- webLoginHomeLoan -->
</testsuite> <!-- Personal Lone -->
