<?xml version="1.0" encoding="UTF-8"?>
<!-- Generated by org.testng.reporters.JUnitXMLReporter -->
<testsuite ignored="7" hostname="DESKTOP-MCS3M3G" failures="0" tests="4" name="Smoke Testing" time="0.094" errors="0" timestamp="2022-09-08T16:12:33 IST">
  <testcase classname="Test.TestCase_01" name="demo1" time="0.01"/>
  <testcase classname="Test.TestCase_02" name="test" time="0.003"/>
  <testcase classname="Test.TestCase_03" name="mobileLoginCarLoan" time="0.002"/>
  <testcase classname="Test.TestCase_04" name="mobileLoginHomeLoan" time="0.005"/>
  <testcase classname="Test.TestCase_04" name="loginApiHomeLoan" time="0.0">
    <ignored/>
  </testcase> <!-- loginApiHomeLoan -->
  <testcase classname="Test.TestCase_03" name="loginApiCarLoan" time="0.0">
    <ignored/>
  </testcase> <!-- loginApiCarLoan -->
  <testcase classname="Test.TestCase_01" name="demo2" time="0.0">
    <ignored/>
  </testcase> <!-- demo2 -->
  <testcase classname="Test.TestCase_04" name="webLoginHomeLoan" time="0.0">
    <ignored/>
  </testcase> <!-- webLoginHomeLoan -->
  <testcase classname="Test.TestCase_03" name="mobilesighoutCarLoan" time="0.0">
    <ignored/>
  </testcase> <!-- mobilesighoutCarLoan -->
  <testcase classname="Test.TestCase_03" name="webLoginCarLoan" time="0.0">
    <ignored/>
  </testcase> <!-- webLoginCarLoan -->
  <testcase classname="Test.TestCase_03" name="mobilesighinCarLoan" time="0.0">
    <ignored/>
  </testcase> <!-- mobilesighinCarLoan -->
</testsuite> <!-- Smoke Testing -->
