<?xml version="1.0" encoding="UTF-8"?>
<!-- Generated by org.testng.reporters.JUnitXMLReporter -->
<testsuite ignored="0" hostname="DESKTOP-MCS3M3G" failures="0" tests="5" name="Default test" time="0.097" errors="0" timestamp="2022-09-08T22:10:15 IST">
  <testcase classname="Test.TestCase_04" name="loginApiHomeLoan" time="0.009"/>
  <testcase classname="Test.TestCase_04" name="loginApiHomeLoan" time="0.002"/>
  <testcase classname="Test.TestCase_04" name="loginApiHomeLoan" time="0.002"/>
  <testcase classname="Test.TestCase_04" name="mobileLoginHomeLoan" time="0.001"/>
  <testcase classname="Test.TestCase_04" name="webLoginHomeLoan" time="0.003"/>
</testsuite> <!-- Default test -->
