<?xml version="1.0" encoding="UTF-8"?>
<!-- Generated by org.testng.reporters.JUnitXMLReporter -->
<testsuite ignored="0" hostname="DESKTOP-MCS3M3G" failures="0" tests="9" name="Test" time="0.099" errors="0" timestamp="2022-09-08T14:17:09 IST">
  <testcase classname="Test.TestCase_03" name="loginApiCarLoan" time="0.011"/>
  <testcase classname="Test.TestCase_03" name="mobileLoginCarLoan" time="0.003"/>
  <testcase classname="Test.TestCase_03" name="webLoginCarLoan" time="0.003"/>
  <testcase classname="Test.TestCase_04" name="loginApiHomeLoan" time="0.001"/>
  <testcase classname="Test.TestCase_04" name="mobileLoginHomeLoan" time="0.001"/>
  <testcase classname="Test.TestCase_04" name="webLoginHomeLoan" time="0.002"/>
  <testcase classname="Test.TestCase_01" name="demo1" time="0.002"/>
  <testcase classname="Test.TestCase_01" name="demo2" time="0.005"/>
  <testcase classname="Test.TestCase_02" name="test" time="0.002"/>
</testsuite> <!-- Test -->
